<?xml version="1.0" encoding="UTF-8"?>
<testng-results ignored="0" total="1" passed="1" failed="0" skipped="0">
  <reporter-output>
  </reporter-output>
  <suite started-at="2024-11-06T11:31:05 IST" name="RobinHood" finished-at="2024-11-06T11:31:42 IST" duration-ms="36998">
    <groups>
      <group name="Regression">
        <method signature="LoginTest.testLogin(java.util.Map)[pri:0, instance:tests.LoginTest@14cd1699]" name="testLogin" class="tests.LoginTest"/>
      </group> <!-- Regression -->
    </groups>
    <test started-at="2024-11-06T11:31:05 IST" name="LoginTest" finished-at="2024-11-06T11:31:42 IST" duration-ms="36998">
      <class name="tests.LoginTest">
        <test-method is-config="true" signature="beforeSuite()[pri:0, instance:tests.LoginTest@14cd1699]" started-at="2024-11-06T11:31:05 IST" name="beforeSuite" finished-at="2024-11-06T11:31:05 IST" duration-ms="12" status="PASS">
          <reporter-output>
          </reporter-output>
        </test-method> <!-- beforeSuite -->
        <test-method is-config="true" signature="beforeMethod(java.lang.String)[pri:0, instance:tests.LoginTest@14cd1699]" started-at="2024-11-06T11:31:06 IST" name="beforeMethod" finished-at="2024-11-06T11:31:15 IST" duration-ms="9207" status="PASS">
          <params>
            <param index="0">
              <value>
                <![CDATA[chrome]]>
              </value>
            </param>
          </params>
          <reporter-output>
          </reporter-output>
        </test-method> <!-- beforeMethod -->
        <test-method signature="testLogin(java.util.Map)[pri:0, instance:tests.LoginTest@14cd1699]" started-at="2024-11-06T11:31:15 IST" name="testLogin" data-provider="loginData" finished-at="2024-11-06T11:31:42 IST" duration-ms="27021" status="PASS">
          <params>
            <param index="0">
              <value>
                <![CDATA[{PASSWORD=1.0, password=Welcome123, username=Divya.p}]]>
              </value>
            </param>
          </params>
          <reporter-output>
          </reporter-output>
        </test-method> <!-- testLogin -->
        <test-method is-config="true" signature="afterMethod()[pri:0, instance:tests.LoginTest@14cd1699]" started-at="2024-11-06T11:31:42 IST" name="afterMethod" finished-at="2024-11-06T11:31:42 IST" duration-ms="57" status="PASS">
          <reporter-output>
          </reporter-output>
        </test-method> <!-- afterMethod -->
      </class> <!-- tests.LoginTest -->
    </test> <!-- LoginTest -->
  </suite> <!-- RobinHood -->
</testng-results>
